[OMEGA-MONITOR-DEMO] 2025-12-27 04:34:42,082 - INFO - 🔥 OMEGA EVOLUTION MONITOR DEMO INITIALIZED
[OMEGA-MONITOR-DEMO] 2025-12-27 04:34:42,083 - INFO - 🎬 This is a demonstration - no OMEGA AI Server required
[OMEGA-MONITOR-DEMO] 2025-12-27 04:34:42,083 - INFO - 🎬 Starting evolution monitoring demo
[OMEGA-MONITOR-DEMO] 2025-12-27 04:34:42,083 - INFO - 📈 Demo adaptation level: 2
[OMEGA-MONITOR-DEMO] 2025-12-27 04:34:42,084 - INFO - 🎯 Demo success rate: 0.61
[OMEGA-MONITOR-DEMO] 2025-12-27 04:34:45,088 - INFO - 📈 Demo adaptation level: 3
[OMEGA-MONITOR-DEMO] 2025-12-27 04:34:51,092 - INFO - 📈 Demo adaptation level: 4
[OMEGA-MONITOR-DEMO] 2025-12-27 04:34:51,093 - INFO - 🎯 Demo success rate: 0.72
[OMEGA-MONITOR-DEMO] 2025-12-27 04:34:54,094 - INFO - 🎯 Demo success rate: 0.73
[OMEGA-MONITOR-DEMO] 2025-12-27 04:34:57,095 - INFO - 📈 Demo adaptation level: 5
[OMEGA-MONITOR-DEMO] 2025-12-27 04:34:57,095 - INFO - 🎯 Demo success rate: 0.88
[OMEGA-MONITOR-DEMO] 2025-12-27 04:35:00,097 - INFO - 🎯 Demo success rate: 0.97
[OMEGA-MONITOR-DEMO] 2025-12-27 04:35:03,099 - INFO - 📈 Demo adaptation level: 6
[OMEGA-MONITOR-DEMO] 2025-12-27 04:35:09,101 - INFO - 📈 Demo adaptation level: 7
[OMEGA-MONITOR-DEMO] 2025-12-27 04:35:09,101 - INFO - 🎯 Demo success rate: 1.00
[OMEGA-MONITOR-DEMO] 2025-12-27 04:35:15,103 - INFO - 📈 Demo adaptation level: 8
[OMEGA-MONITOR-DEMO] 2025-12-27 04:35:27,105 - INFO - 📈 Demo adaptation level: 10
[OMEGA-MONITOR-DEMO] 2025-12-27 04:37:41,517 - INFO - 🔥 OMEGA EVOLUTION MONITOR DEMO INITIALIZED
[OMEGA-MONITOR-DEMO] 2025-12-27 04:37:41,517 - INFO - 🎬 This is a demonstration - no OMEGA AI Server required
[OMEGA-MONITOR-DEMO] 2025-12-27 04:37:41,517 - INFO - 🎬 Starting evolution monitoring demo
[OMEGA-MONITOR-DEMO] 2025-12-27 04:37:41,518 - INFO - 🎯 Demo success rate: 0.48
[OMEGA-MONITOR-DEMO] 2025-12-27 04:37:44,518 - INFO - 📈 Demo adaptation level: 2
[OMEGA-MONITOR-DEMO] 2025-12-27 04:37:44,519 - INFO - 🎯 Demo success rate: 0.67
[OMEGA-MONITOR-DEMO] 2025-12-27 04:37:50,521 - INFO - 📈 Demo adaptation level: 4
[OMEGA-MONITOR-DEMO] 2025-12-27 04:37:50,523 - INFO - 🎯 Demo success rate: 0.77
[OMEGA-MONITOR-DEMO] 2025-12-27 04:37:59,525 - INFO - 🎯 Demo success rate: 0.90
[OMEGA-MONITOR-DEMO] 2025-12-27 04:38:05,527 - INFO - 📈 Demo adaptation level: 6
[OMEGA-MONITOR-DEMO] 2025-12-27 04:38:05,527 - INFO - 🎯 Demo success rate: 1.00
[OMEGA-MONITOR-DEMO] 2025-12-27 04:38:08,528 - INFO - 📈 Demo adaptation level: 7
[OMEGA-MONITOR-DEMO] 2025-12-27 04:38:23,533 - INFO - 📈 Demo adaptation level: 9
[OMEGA-MONITOR-DEMO] 2025-12-27 04:38:29,535 - INFO - 📈 Demo adaptation level: 10
[OMEGA-MONITOR-DEMO] 2025-12-27 12:03:43,520 - INFO - 🔥 OMEGA EVOLUTION MONITOR DEMO INITIALIZED
[OMEGA-MONITOR-DEMO] 2025-12-27 12:03:43,520 - INFO - 🎬 This is a demonstration - no OMEGA AI Server required
[OMEGA-MONITOR-DEMO] 2025-12-27 12:03:43,520 - INFO - 🎬 Starting evolution monitoring demo
[OMEGA-MONITOR-DEMO] 2025-12-27 12:03:43,521 - INFO - 🎯 Demo success rate: 0.44
[OMEGA-MONITOR-DEMO] 2025-12-27 12:03:46,522 - INFO - 📈 Demo adaptation level: 2
[OMEGA-MONITOR-DEMO] 2025-12-27 12:03:46,523 - INFO - 🎯 Demo success rate: 0.64
[OMEGA-MONITOR-DEMO] 2025-12-27 12:03:49,524 - INFO - 🎯 Demo success rate: 0.65
[OMEGA-MONITOR-DEMO] 2025-12-27 12:03:52,525 - INFO - 📈 Demo adaptation level: 4
[OMEGA-MONITOR-DEMO] 2025-12-27 12:03:52,527 - INFO - 🎯 Demo success rate: 0.74
[OMEGA-MONITOR-DEMO] 2025-12-27 12:03:55,528 - INFO - 🎯 Demo success rate: 0.78
[OMEGA-MONITOR-DEMO] 2025-12-27 12:04:04,531 - INFO - 🎯 Demo success rate: 0.81
[OMEGA-MONITOR-DEMO] 2025-12-27 12:04:07,533 - INFO - 📈 Demo adaptation level: 6
[OMEGA-MONITOR-DEMO] 2025-12-27 12:04:07,534 - INFO - 🎯 Demo success rate: 0.94
[OMEGA-MONITOR-DEMO] 2025-12-27 12:04:10,535 - INFO - 📈 Demo adaptation level: 7
[OMEGA-MONITOR-DEMO] 2025-12-27 12:04:10,536 - INFO - 🎯 Demo success rate: 1.00
[OMEGA-MONITOR-DEMO] 2025-12-27 12:04:16,538 - INFO - 📈 Demo adaptation level: 8
[OMEGA-MONITOR-DEMO] 2025-12-27 12:04:25,541 - INFO - 📈 Demo adaptation level: 9
[OMEGA-MONITOR-DEMO] 2025-12-27 12:04:28,543 - INFO - 📈 Demo adaptation level: 10
[OMEGA-MONITOR-DEMO] 2025-12-27 18:07:27,353 - INFO - 🔥 OMEGA EVOLUTION MONITOR DEMO INITIALIZED
[OMEGA-MONITOR-DEMO] 2025-12-27 18:07:27,354 - INFO - 🎬 This is a demonstration - no OMEGA AI Server required
[OMEGA-MONITOR-DEMO] 2025-12-27 18:07:27,355 - INFO - 🎬 Starting evolution monitoring demo
[OMEGA-MONITOR-DEMO] 2025-12-27 18:07:27,357 - INFO - 📈 Demo adaptation level: 1
[OMEGA-MONITOR-DEMO] 2025-12-27 18:07:27,357 - INFO - 🎯 Demo success rate: 0.56
[OMEGA-MONITOR-DEMO] 2025-12-27 18:07:33,359 - INFO - 📈 Demo adaptation level: 3
[OMEGA-MONITOR-DEMO] 2025-12-27 18:07:33,360 - INFO - 🎯 Demo success rate: 0.64
[OMEGA-MONITOR-DEMO] 2025-12-27 18:07:36,361 - INFO - 📈 Demo adaptation level: 4
[OMEGA-MONITOR-DEMO] 2025-12-27 18:07:36,362 - INFO - 🎯 Demo success rate: 0.71
[OMEGA-MONITOR-DEMO] 2025-12-27 18:07:39,363 - INFO - 🎯 Demo success rate: 0.72
[OMEGA-MONITOR-DEMO] 2025-12-27 18:07:42,365 - INFO - 🎯 Demo success rate: 0.73
[OMEGA-MONITOR-DEMO] 2025-12-27 18:07:45,367 - INFO - 📈 Demo adaptation level: 5
[OMEGA-MONITOR-DEMO] 2025-12-27 18:07:45,367 - INFO - 🎯 Demo success rate: 0.93
[OMEGA-MONITOR-DEMO] 2025-12-27 18:07:48,369 - INFO - 📈 Demo adaptation level: 6
[OMEGA-MONITOR-DEMO] 2025-12-27 18:07:48,370 - INFO - 🎯 Demo success rate: 0.95
[OMEGA-MONITOR-DEMO] 2025-12-27 18:08:00,373 - INFO - 📈 Demo adaptation level: 7
[OMEGA-MONITOR-DEMO] 2025-12-27 18:08:00,374 - INFO - 🎯 Demo success rate: 1.00
[OMEGA-MONITOR-DEMO] 2025-12-27 18:08:03,376 - INFO - 📈 Demo adaptation level: 8
[OMEGA-MONITOR-DEMO] 2025-12-27 18:08:09,379 - INFO - 📈 Demo adaptation level: 9
[OMEGA-MONITOR-DEMO] 2025-12-27 18:08:15,381 - INFO - 📈 Demo adaptation level: 10
[OMEGA-MONITOR-DEMO] 2025-12-27 18:09:29,868 - INFO - 🔥 OMEGA EVOLUTION MONITOR DEMO INITIALIZED
[OMEGA-MONITOR-DEMO] 2025-12-27 18:09:29,869 - INFO - 🎬 This is a demonstration - no OMEGA AI Server required
[OMEGA-MONITOR-DEMO] 2025-12-27 18:09:29,869 - INFO - 🎬 Starting evolution monitoring demo
[OMEGA-MONITOR-DEMO] 2025-12-27 18:09:29,870 - INFO - 📈 Demo adaptation level: 2
[OMEGA-MONITOR-DEMO] 2025-12-27 18:09:29,870 - INFO - 🎯 Demo success rate: 0.68
[OMEGA-MONITOR-DEMO] 2025-12-27 18:09:32,871 - INFO - 📈 Demo adaptation level: 3
[OMEGA-MONITOR-DEMO] 2025-12-27 18:09:32,872 - INFO - 🎯 Demo success rate: 0.72
[OMEGA-MONITOR-DEMO] 2025-12-27 18:09:35,873 - INFO - 🎯 Demo success rate: 0.77
[OMEGA-MONITOR-DEMO] 2025-12-27 18:09:41,875 - INFO - 📈 Demo adaptation level: 4
[OMEGA-MONITOR-DEMO] 2025-12-27 18:09:44,877 - INFO - 📈 Demo adaptation level: 5
[OMEGA-MONITOR-DEMO] 2025-12-27 18:09:44,878 - INFO - 🎯 Demo success rate: 0.99
[OMEGA-MONITOR-DEMO] 2025-12-27 18:09:51,102 - INFO - 🛑 Stopping evolution monitoring demo
